[22:22:31] waiting for device to be UNPLUGGED ...
[22:26:20] unplugged. waiting for RE-PLUG ...
[22:26:28] re-plugged! claiming If0 ONLY
[22:26:28] << EP81 (0.03s): ff 55 02 00 ee 10
[22:26:30] << EP81 (2.05s): ff 55 02 00 ee 10
[22:26:30] >> MAGIC -> 0x01: ff 55 ff 55 ee 10 ok
[22:26:32] << EP81 (4.06s): ff 55 02 00 ee 10
[22:26:34] << EP81 (6.07s): ff 55 02 00 ee 10
[22:26:36] << EP81 (8.08s): ff 55 02 00 ee 10
[22:26:38] << EP81 (10.09s): ff 55 02 00 ee 10
[22:26:40] << EP81 (12.10s): ff 55 02 00 ee 10
[22:26:42] << EP81 (14.11s): ff 55 02 00 ee 10
[22:26:44] << EP81 (16.12s): ff 55 02 00 ee 10
[22:26:46] << EP81 (18.13s): ff 55 02 00 ee 10
[22:26:48] << EP81 (20.14s): ff 55 02 00 ee 10
[22:26:48] no device hello within 18s — continuing anyway (capture-#1 timing)
[22:26:48] >> CONNECT -> 0x02: bb aa 05 00 00 ok
[22:26:52] >> HELLO6-echo -> 0x02: bb aa 05 00 00 0e ok
[22:26:55] >> CONNECT again -> 0x02: bb aa 05 00 00 ok
[22:26:58] >> cid07 -> 0x02: bb aa 07 00 00 ok
[22:27:01] >> DETECT-echo -> 0x01: ff 55 02 00 ee 10 ok
[22:27:03] >> CONNECT final -> 0x02: bb aa 05 00 00 ok
[22:27:16] CAPTURE COMPLETE: 0 frames, 0 rx events
