[22:28:56] waiting for device to be UNPLUGGED ...
[22:29:27] unplugged. waiting for RE-PLUG ...
[22:29:30] re-plugged! claiming If0 ONLY
[22:29:30] << EP81 (0.07s): ff 55 02 00 ee 10
[22:29:32] << EP81 (2.07s): ff 55 02 00 ee 10
[22:29:32] >> MAGIC -> 0x01: ff 55 ff 55 ee 10 ok
[22:29:34] << EP81 (4.08s): ff 55 02 00 ee 10
[22:29:36] << EP81 (6.09s): ff 55 02 00 ee 10
[22:29:37] going silent (no reads) until t=15s ...
[22:29:45] << EP81 (15.00s): ff 55 02 00 ee 10
[22:29:45] << EP81 (15.66s): ff 55 02 00 ee 10
[22:29:48] << EP81 (17.67s): ff 55 02 00 ee 10
[22:29:50] << EP81 (19.68s): ff 55 02 00 ee 10
[22:29:52] << EP81 (21.69s): ff 55 02 00 ee 10
[22:29:54] << EP81 (23.70s): ff 55 02 00 ee 10
[22:29:56] << EP81 (25.71s): ff 55 02 00 ee 10
[22:29:58] << EP81 (27.72s): ff 55 02 00 ee 10
[22:29:58] >> CONNECT -> 0x02: bb aa 05 00 00 ok
[22:30:02] >> HELLO6-echo -> 0x02: bb aa 05 00 00 0e ok
[22:30:05] >> cid07 -> 0x02: bb aa 07 00 00 ok
[22:30:09] >> CONNECT again -> 0x02: bb aa 05 00 00 ok
[22:30:21] CAPTURE COMPLETE: 0 frames, 0 rx events
