[   0.00] warte auf ABSTECKEN ...
[2075.00] abgesteckt. warte auf ANSTECKEN ...
[2077.94] angesteckt! claim If0
[2078.08] >> DETECT-ECHO: ff 55 02 00 ee 10
[2078.08] >> SYN/ACK: ff 5a 00 17 c0 0b 00 00 c5 01 01 10 00 0b b8 05 dc 01 00 0a 00 01 3e
[2078.09] *** LINK UP ***
[2078.11] >> 0xaa00: ff 5a 00 10 40 0c 00 0a 41 40 40 00 06 aa 00 d0
[2078.34] << CTRL AuthCertificate (sess 0x0a, 619B)
[2078.34]      p0: 30 82 02 5b 06 09 2a 86 48 86 f7 0d 01 07 02 a0 82 02 4c 30 82 02 48 02 01 01 31 00 30 0b 06 09 2a 86 48 86 f7 0d 01 07 01 a0 82 02 2e 30 82 02 2a 30 82 01 d1 a0 03 02 01 02 02 10 2d b0 44 2f 5a 43 80 77 f7 46 35 23 05 19 51 0d 30 0a 06 08 2a 86 48 ce 3d 04 03 02 30 81 89 31 0b 30 09 06 03 55 04 06 13 02 55 53 31 13 30 11 06 03 55 04 0a 13 0a 41 70 70 6c 65 20 49 6e 63 2e 31 26 30 24 06 03 55 04 0b 13 1d 41 70 70 6c 65 20 43 65 72 74 69 66 69 63 61 74 69 6f 6e 20 41 75 74 68 6f 72 69 74 79 31 3d 30 3b 06 03 55 04 03 13 34 41 70 70 6c 65 20 41 63 63 65 73 73 6f 72 69 65 73 20 43 65 72 74 69 66 69 63 61 74 69 6f 6e 20 41 75 74 68 6f 72 69 74 79 20 2d 20 30 30 30 30 30 30 30 32 30 1e 17 0d 31 37 30 36 32 38 31 39 32 35 32 32 5a 17 0d 34 39 31 32 33 31 32 33 35 39 35 39 5a 30 6d 31 0b 30 09 06 03 55 04 06 13 02 55 53 31 13 30 11 06 03 55 04 0a 13 0a 41 70 70 6c 65 20 49 6e 63 2e 31 1a 30 18 06 03 55 04 0b 13 11 41 70 70 6c 65 20 41 63 63 65 73 73 6f 72 69 65 73 31 2d 30 2b 06 03 55 04 03 14 24 49 50 41 5f 32 44 42 30 34 34 32 46 35 41 34 33 38 30 37 37 46 37 34 36 33 35 32 33 30 35 31 39 35 31 30 44 30 59 30 13 06 07 2a 86 48 ce 3d 02 01 06 08 2a 86 48 ce 3d 03 01 07 03 42 00 04 b6 0d 05 17 c7 c7 74 f9 02 ef 19 12 6c cd 3a b7 cd 74 a9 38 e3 c2 35 50 ab 84 13 cf 95 e0 74 15 73 b7 6e 04 9a ac 36 3c 69 88 1a a9 53 58 9b c5 58 97 bb b1 6e c0 71 4a 2d 44 ca 0e 0f 69 67 17 a3 36 30 34 30 32 06 09 2a 86 48 86 f7 63 64 06 24 01 01 ff 04 22 04 20 00 00 00 00 00 00 00 00 00 00 00 00 00 00 00 00 00 00 00 00 00 00 00 00 00 00 00 00 00 00 00 10 30 0a 06 08 2a 86 48 ce 3d 04 03 02 03 47 00 30 44 02 20 1d 76 35 68 69 68 bf e6 8e ce 49 6f 13 44 b3 14 2c ab 4b 5c c7 4a 88 31 aa ad 10 3c 6e a1 36 4a 02 20 4a bd 5a b7 45 87 de bc 23 bc f9 56 37 28 c7 b4 1e fa 2d 51 9d 1b 99 b1 f7 51 61 41 59 3f c1 28 a1 00 31 00 00 00
[2078.37] >> 0xaa05: ff 5a 00 10 40 0d 01 0a 3f 40 40 00 06 aa 05 cb
[2079.38] >> 0x1d00: ff 5a 00 10 40 0e 01 0a 3e 40 40 00 06 1d 00 5d
[2079.39] << CTRL IdentInfo (sess 0x0a, 200B)
[2079.39]      p0: 43 61 6d 65 72 61 00  = "Camera"
[2079.39]      p1: 4c 54 2d 30 31 00  = "LT-01"
[2079.39]      p2: 44 65 76 69 63 65 00  = "Device"
[2079.39]      p3: 30 32 32 30 31 38 30 35 30 31 30 30 30 33 30 00  = "022018050100030"
[2079.39]      p4: 31 2e 30 00  = "1.0"
[2079.39]      p5: 50 56 2d 31 00  = "PV-1"
[2079.39]      p6: ea 02 ae 00 ae 02
[2079.39]      p7: ae 01
[2079.39]      p8: 00
[2079.39]      p9: 00 64
[2079.39]      p10: 00 05 00 00 01 00 1a 00 01 63 6f 6d 2e 75 73 65 65 70 6c 75 73 2e 70 72 6f 74 6f 63 6f 6c 00 00 05 00 02 01 00 06 00 03 00 00
[2079.39]      p11: 4e 51 5a 4d 41 36 42 51 44 32 00  = "NQZMA6BQD2"
[2079.39]      p12: 65 6e 00  = "en"
[2079.39]      p13: 65 6e 00  = "en"
[2079.39]      p16: 00 06 00 00 00 00 00 09 00 01 69 41 50 32 00 00 04 00 02
[2079.43] >> IdentificationAccepted: ff 5a 00 10 40 0f 02 0a 3c 40 40 00 06 1d 02 5b
[2079.43] === Phase 1: 20 s NUR ZUHÖREN (kein StartEA, kein Bulk) ===
[2079.44] << CTRL EA02 (sess 0x0a, 32B)
[2079.44]      p0: 63 6f 6d 2e 75 73 65 65 70 6c 75 73 2e 69 73 74 6f 72 61 67 65 00  = "com.useeplus.istorage"
[2099.44] Phase-1-Ende. Gesehene msgs: ['0x1d01', '0xaa01', '0xea02']
[2099.44] === Phase 2: If1->Alt1, EP0x82 10 s lesen OHNE BB-AA ===
[2109.45] Phase-2-Ende: 0 Bulk-RX, 0 Frames (ohne BB-AA)
[2109.45] === Phase 3: BB-AA auf EP0x02, 10 s ===
[2110.26] >> CONNECT #1: bb aa 05 00 00
[2113.56] >> CONNECT #2: bb aa 05 00 00
[2116.87] >> CONNECT #3: bb aa 05 00 00
[2123.68] ENDE: 0 Frames, 0 Bulk-RX, 0 B; msgs=['0x1d01', '0xaa01', '0xea02']
