[22:01:08] waiting for device to be UNPLUGGED ...
[22:06:19] device unplugged. waiting for RE-PLUG ...
[22:06:22] device re-plugged! starting capture
[22:06:22] --- descriptors (fresh plug) bcdDevice=0111 addr=1 ---
cfg 1: 2 interfaces
  If0 alt0 cls=255/240/0 EPs=['0x81', '0x1']
  If1 alt0 cls=255/240/1 EPs=[]
  If1 alt1 cls=255/240/1 EPs=['0x82', '0x2']
[22:06:22] roles: {'iap': {'intf': 0, 'ep_in': 129, 'ep_out': 1}, 'useeplus': {'intf': 1, 'ep_in': 130, 'ep_out': 2}}
[22:06:22] claimed iAP If0; listening on 0x81 for detect ...
[22:06:22] iAP IN (0.15s after plug): ff 55 02 00 ee 10
[22:06:24] iAP IN (2.16s after plug): ff 55 02 00 ee 10
[22:06:26] iAP IN (4.17s after plug): ff 55 02 00 ee 10
[22:06:26] write MAGIC -> iAP OUT 0x01
[22:06:26]   write ok
[22:06:28]   iAP reply: ff 55 02 00 ee 10
[22:06:38] no re-enumeration after magic
[22:06:39] write CONNECT -> useeplus OUT 0x02
[22:06:39]   write ok
[22:06:39] reading stream from useeplus IN 0x82 + iAP IN 0x81 ...
[22:06:39]   iAP pkt 6B: bb aa 05 00 00 0e
[22:06:54]   useeplus done: 0B in 0 pkts
[22:06:54]   iAP done: 6B in 1 pkts
[22:06:54] CAPTURE COMPLETE: 0 frames
[22:06:54] no frames — see log above for where it diverged
